Arguments: 
  C:\Program Files (x86)\nodejs\node.exe C:\Users\Julio\AppData\Roaming\npm\node_modules\yarn\bin\yarn.js add react-countup

PATH: 
  C:\Program Files\Git\mingw64\bin;C:\Program Files\Git\usr\bin;C:\Users\Julio\bin;C:\Program Files\Common Files\Microsoft Shared\Windows Live;C:\Windows\system32;C:\Windows;C:\Windows\System32\Wbem;C:\Windows\System32\WindowsPowerShell\v1.0;C:\Program Files (x86)\nodejs;C:\Program Files\Git\cmd;C:\Program Files\Common Files\Microsoft Shared\Windows Live;C:\Users\Julio\AppData\Local\Programs\Microsoft VS Code\bin;C:\Users\Julio\AppData\Roaming\npm;C:\Users\Julio\AppData\Local\GitHubDesktop\bin

Yarn version: 
  1.22.10

Node version: 
  12.18.1

Platform: 
  win32 ia32

Trace: 
  Error: EPERM: operation not permitted, unlink 'C:\Users\Julio\alkemy-superheroes-challenge\node_modules\esbuild\esbuild.exe'

npm manifest: 
  {
    "version": "0.0.0",
    "scripts": {
      "dev": "vite",
      "build": "tsc && vite build",
      "serve": "vite preview"
    },
    "dependencies": {
      "@types/react-router-dom": "^5.1.7",
      "axios": "^0.21.1",
      "bootstrap": "^5.0.1",
      "formik": "^2.2.9",
      "react": "^17.0.0",
      "react-dom": "^17.0.0",
      "react-router-dom": "^5.2.0",
      "yup": "^0.32.9"
    },
    "devDependencies": {
      "@types/react": "^17.0.0",
      "@types/react-dom": "^17.0.0",
      "@typescript-eslint/eslint-plugin": "^4.26.1",
      "@typescript-eslint/parser": "^4.26.1",
      "@vitejs/plugin-react-refresh": "^1.3.1",
      "eslint": "^7.28.0",
      "eslint-config-prettier": "^8.3.0",
      "eslint-config-standard": "^16.0.3",
      "eslint-plugin-node": "^11.1.0",
      "eslint-plugin-prettier": "^3.4.0",
      "eslint-plugin-promise": "^5.1.0",
      "eslint-plugin-react": "^7.24.0",
      "eslint-plugin-react-hooks": "^4.2.0",
      "prettier": "^2.3.1",
      "typescript": "^4.3.2",
      "vite": "^2.3.7"
    }
  }

yarn manifest: 
  No manifest

Lockfile: 
  No lockfile
